<?xml version="1.0" encoding="UTF-8"?>
<testng-results ignored="0" total="1" passed="1" failed="0" skipped="0">
  <reporter-output>
  </reporter-output>
  <suite started-at="2021-08-28T11:47:03 IST" name="Default suite" finished-at="2021-08-28T11:47:28 IST" duration-ms="25072">
    <groups>
    </groups>
    <test started-at="2021-08-28T11:47:03 IST" name="Default test" finished-at="2021-08-28T11:47:28 IST" duration-ms="25072">
      <class name="jenkinlogin.jenkinlogin.ExtentTests">
        <test-method is-config="true" signature="startTest()[pri:0, instance:jenkinlogin.jenkinlogin.ExtentTests@3e11f9e9]" started-at="2021-08-28T11:47:03 IST" name="startTest" finished-at="2021-08-28T11:47:03 IST" duration-ms="288" status="PASS">
          <reporter-output>
          </reporter-output>
        </test-method> <!-- startTest -->
        <test-method signature="extentReportsDemo()[pri:0, instance:jenkinlogin.jenkinlogin.ExtentTests@3e11f9e9]" started-at="2021-08-28T11:47:04 IST" name="extentReportsDemo" finished-at="2021-08-28T11:47:27 IST" duration-ms="23797" status="PASS">
          <reporter-output>
          </reporter-output>
        </test-method> <!-- extentReportsDemo -->
        <test-method is-config="true" signature="endTest()[pri:0, instance:jenkinlogin.jenkinlogin.ExtentTests@3e11f9e9]" started-at="2021-08-28T11:47:27 IST" name="endTest" finished-at="2021-08-28T11:47:28 IST" duration-ms="840" status="PASS">
          <reporter-output>
          </reporter-output>
        </test-method> <!-- endTest -->
      </class> <!-- jenkinlogin.jenkinlogin.ExtentTests -->
    </test> <!-- Default test -->
  </suite> <!-- Default suite -->
</testng-results>
