<?xml version="1.0" encoding="UTF-8"?>
<testng-results ignored="0" total="1" passed="1" failed="0" skipped="0">
  <reporter-output>
  </reporter-output>
  <suite started-at="2021-08-27T20:59:13 IST" name="Default suite" finished-at="2021-08-27T21:00:40 IST" duration-ms="86582">
    <groups>
    </groups>
    <test started-at="2021-08-27T20:59:13 IST" name="Default test" finished-at="2021-08-27T21:00:40 IST" duration-ms="86582">
      <class name="jenkinlogin.jenkinlogin.ExtentTests">
        <test-method is-config="true" signature="startTest()[pri:0, instance:jenkinlogin.jenkinlogin.ExtentTests@28f2a10f]" started-at="2021-08-27T20:59:14 IST" name="startTest" finished-at="2021-08-27T20:59:14 IST" duration-ms="854" status="PASS">
          <reporter-output>
          </reporter-output>
        </test-method> <!-- startTest -->
        <test-method signature="extentReportsDemo()[pri:0, instance:jenkinlogin.jenkinlogin.ExtentTests@28f2a10f]" started-at="2021-08-27T20:59:14 IST" name="extentReportsDemo" finished-at="2021-08-27T21:00:39 IST" duration-ms="84522" status="PASS">
          <reporter-output>
          </reporter-output>
        </test-method> <!-- extentReportsDemo -->
        <test-method is-config="true" signature="endTest()[pri:0, instance:jenkinlogin.jenkinlogin.ExtentTests@28f2a10f]" started-at="2021-08-27T21:00:39 IST" name="endTest" finished-at="2021-08-27T21:00:40 IST" duration-ms="1089" status="PASS">
          <reporter-output>
          </reporter-output>
        </test-method> <!-- endTest -->
      </class> <!-- jenkinlogin.jenkinlogin.ExtentTests -->
    </test> <!-- Default test -->
  </suite> <!-- Default suite -->
</testng-results>
